<?xml version="1.0" encoding="UTF-8"?>
<testsuite name="hexlet.code.AppTest" tests="1" skipped="0" failures="0" errors="0" timestamp="2022-11-29T09:15:34" hostname="vova-E205SA" time="0.013">
  <properties/>
  <testcase name="testInit()" classname="hexlet.code.AppTest" time="0.013"/>
  <system-out><![CDATA[]]></system-out>
  <system-err><![CDATA[]]></system-err>
</testsuite>
