<?xml version="1.0" encoding="UTF-8"?>
<testsuite name="hexlet.code.AppApplicationTests" tests="1" skipped="0" failures="0" errors="0" timestamp="2022-11-28T10:24:17" hostname="vova-E205SA" time="0.023">
  <properties/>
  <testcase name="contextLoads()" classname="hexlet.code.AppApplicationTests" time="0.023"/>
  <system-out><![CDATA[2022-11-28 13:24:08.392  INFO 15417 --- [    Test worker] .b.t.c.SpringBootTestContextBootstrapper : Neither @ContextConfiguration nor @ContextHierarchy found for test class [hexlet.code.AppApplicationTests], using SpringBootContextLoader
2022-11-28 13:24:08.396  INFO 15417 --- [    Test worker] o.s.t.c.support.AbstractContextLoader    : Could not detect default resource locations for test class [hexlet.code.AppApplicationTests]: no resource found for suffixes {-context.xml, Context.groovy}.
2022-11-28 13:24:08.401  INFO 15417 --- [    Test worker] t.c.s.AnnotationConfigContextLoaderUtils : Could not detect default configuration classes for test class [hexlet.code.AppApplicationTests]: AppApplicationTests does not declare any static, non-private, non-final, nested classes annotated with @Configuration.
2022-11-28 13:24:08.448  INFO 15417 --- [    Test worker] .b.t.c.SpringBootTestContextBootstrapper : Found @SpringBootConfiguration hexlet.code.AppApplication for test class hexlet.code.AppApplicationTests
2022-11-28 13:24:08.461  INFO 15417 --- [    Test worker] .b.t.c.SpringBootTestContextBootstrapper : Loaded default TestExecutionListener class names from location [META-INF/spring.factories]: [org.springframework.boot.test.autoconfigure.restdocs.RestDocsTestExecutionListener, org.springframework.boot.test.autoconfigure.web.client.MockRestServiceServerResetTestExecutionListener, org.springframework.boot.test.autoconfigure.web.servlet.MockMvcPrintOnlyOnFailureTestExecutionListener, org.springframework.boot.test.autoconfigure.web.servlet.WebDriverTestExecutionListener, org.springframework.boot.test.autoconfigure.webservices.client.MockWebServiceServerTestExecutionListener, org.springframework.boot.test.mock.mockito.MockitoTestExecutionListener, org.springframework.boot.test.mock.mockito.ResetMocksTestExecutionListener, org.springframework.test.context.web.ServletTestExecutionListener, org.springframework.test.context.support.DirtiesContextBeforeModesTestExecutionListener, org.springframework.test.context.event.ApplicationEventsTestExecutionListener, org.springframework.test.context.support.DependencyInjectionTestExecutionListener, org.springframework.test.context.support.DirtiesContextTestExecutionListener, org.springframework.test.context.transaction.TransactionalTestExecutionListener, org.springframework.test.context.jdbc.SqlScriptsTestExecutionListener, org.springframework.test.context.event.EventPublishingTestExecutionListener]
2022-11-28 13:24:08.463  INFO 15417 --- [    Test worker] .b.t.c.SpringBootTestContextBootstrapper : Using TestExecutionListeners: [org.springframework.test.context.web.ServletTestExecutionListener@1e32a3ed, org.springframework.test.context.support.DirtiesContextBeforeModesTestExecutionListener@5e7aa27e, org.springframework.test.context.event.ApplicationEventsTestExecutionListener@2b778004, org.springframework.boot.test.mock.mockito.MockitoTestExecutionListener@7e5b449c, org.springframework.boot.test.autoconfigure.SpringBootDependencyInjectionTestExecutionListener@75fdbd71, org.springframework.test.context.support.DirtiesContextTestExecutionListener@7e1f88e2, org.springframework.test.context.transaction.TransactionalTestExecutionListener@697f4085, org.springframework.test.context.jdbc.SqlScriptsTestExecutionListener@4d248692, org.springframework.test.context.event.EventPublishingTestExecutionListener@55aabc72, org.springframework.boot.test.autoconfigure.restdocs.RestDocsTestExecutionListener@57f076bd, org.springframework.boot.test.autoconfigure.web.client.MockRestServiceServerResetTestExecutionListener@44986fae, org.springframework.boot.test.autoconfigure.web.servlet.MockMvcPrintOnlyOnFailureTestExecutionListener@2d6161b9, org.springframework.boot.test.autoconfigure.web.servlet.WebDriverTestExecutionListener@2d28114b, org.springframework.boot.test.autoconfigure.webservices.client.MockWebServiceServerTestExecutionListener@79b9dfcd, org.springframework.boot.test.mock.mockito.ResetMocksTestExecutionListener@7edb2a4b]

  .   ____          _            __ _ _
 /\\ / ___'_ __ _ _(_)_ __  __ _ \ \ \ \
( ( )\___ | '_ | '_| | '_ \/ _` | \ \ \ \
 \\/  ___)| |_)| | | | | || (_| |  ) ) ) )
  '  |____| .__|_| |_|_| |_\__, | / / / /
 =========|_|==============|___/=/_/_/_/
 :: Spring Boot ::                (v2.5.6)

2022-11-28 13:24:08.679  INFO 15417 --- [    Test worker] hexlet.code.AppApplicationTests          : Starting AppApplicationTests using Java 17.0.5 on vova-E205SA with PID 15417 (started by vova in /home/vova/hexletProject/java-project-73)
2022-11-28 13:24:08.687  INFO 15417 --- [    Test worker] hexlet.code.AppApplicationTests          : No active profile set, falling back to default profiles: default
2022-11-28 13:24:10.194  INFO 15417 --- [    Test worker] .s.d.r.c.RepositoryConfigurationDelegate : Bootstrapping Spring Data JPA repositories in DEFAULT mode.
2022-11-28 13:24:10.203  INFO 15417 --- [    Test worker] .s.d.r.c.RepositoryConfigurationDelegate : Finished Spring Data repository scanning in 8 ms. Found 0 JPA repository interfaces.
2022-11-28 13:24:10.789  INFO 15417 --- [    Test worker] com.zaxxer.hikari.HikariDataSource       : HikariPool-2 - Starting...
2022-11-28 13:24:10.810  INFO 15417 --- [    Test worker] com.zaxxer.hikari.HikariDataSource       : HikariPool-2 - Start completed.
2022-11-28 13:24:10.821  INFO 15417 --- [    Test worker] liquibase.database                       : Set default schema name to PUBLIC
2022-11-28 13:24:10.866  INFO 15417 --- [    Test worker] liquibase.lockservice                    : Successfully acquired change log lock
2022-11-28 13:24:11.063  INFO 15417 --- [    Test worker] liquibase.changelog                      : Creating database history table with name: PUBLIC.DATABASECHANGELOG
2022-11-28 13:24:11.078  INFO 15417 --- [    Test worker] liquibase.changelog                      : Reading from PUBLIC.DATABASECHANGELOG
2022-11-28 13:24:11.106  INFO 15417 --- [    Test worker] liquibase.lockservice                    : Successfully released change log lock
2022-11-28 13:24:11.250  INFO 15417 --- [    Test worker] o.hibernate.jpa.internal.util.LogHelper  : HHH000204: Processing PersistenceUnitInfo [name: default]
2022-11-28 13:24:11.267  INFO 15417 --- [    Test worker] org.hibernate.dialect.Dialect            : HHH000400: Using dialect: org.hibernate.dialect.H2Dialect
2022-11-28 13:24:11.521  INFO 15417 --- [    Test worker] o.h.e.t.j.p.i.JtaPlatformInitiator       : HHH000490: Using JtaPlatform implementation: [org.hibernate.engine.transaction.jta.platform.internal.NoJtaPlatform]
2022-11-28 13:24:11.525  INFO 15417 --- [    Test worker] j.LocalContainerEntityManagerFactoryBean : Initialized JPA EntityManagerFactory for persistence unit 'default'
2022-11-28 13:24:12.238  WARN 15417 --- [    Test worker] JpaBaseConfiguration$JpaWebConfiguration : spring.jpa.open-in-view is enabled by default. Therefore, database queries may be performed during view rendering. Explicitly configure spring.jpa.open-in-view to disable this warning
2022-11-28 13:24:16.819  INFO 15417 --- [    Test worker] o.s.b.a.e.web.EndpointLinksResolver      : Exposing 1 endpoint(s) beneath base path '/actuator'
2022-11-28 13:24:17.445  INFO 15417 --- [    Test worker] hexlet.code.AppApplicationTests          : Started AppApplicationTests in 8.931 seconds (JVM running for 50.547)
]]></system-out>
  <system-err><![CDATA[]]></system-err>
</testsuite>
